Arguments: 
  /home/anomen/.nvm/versions/node/v9.2.0/bin/node /home/anomen/.nvm/versions/node/v9.2.0/bin/yarn add @type/home-assistant-js-websocket

PATH: 
  /home/anomen/.nvm/versions/node/v9.2.0/bin:/usr/local/sbin:/usr/local/bin:/usr/sbin:/usr/bin:/sbin:/bin:/usr/games:/usr/local/games:/snap/bin

Yarn version: 
  1.3.2

Node version: 
  9.2.0

Platform: 
  linux x64

npm manifest: 
  {
    "name": "hass",
    "version": "1.0.0",
    "main": "index.js",
    "author": "Kevin Vicrey <kevin.vicrey@nexu.org>",
    "license": "MIT",
    "scripts": {
      "start": "ts-node index.ts"
    },
    "dependencies": {
      "@types/ws": "^4.0.0",
      "eventsource": "^1.0.5",
      "home-assistant-js-websocket": "^1.1.2",
      "node-homeassistant": "^1.3.0",
      "ts-node": "^4.1.0",
      "typescript": "^2.7.1",
      "ws": "^4.0.0"
    }
  }

yarn manifest: 
  No manifest

Lockfile: 
  # THIS IS AN AUTOGENERATED FILE. DO NOT EDIT THIS FILE DIRECTLY.
  # yarn lockfile v1
  
  
  "@types/events@*":
    version "1.1.0"
    resolved "https://registry.yarnpkg.com/@types/events/-/events-1.1.0.tgz#93b1be91f63c184450385272c47b6496fd028e02"
  
  "@types/node@*":
    version "8.9.1"
    resolved "https://registry.yarnpkg.com/@types/node/-/node-8.9.1.tgz#5a329d73a97f3c5a626dfe0ed8c0b831fee5357a"
  
  "@types/strip-bom@^3.0.0":
    version "3.0.0"
    resolved "https://registry.yarnpkg.com/@types/strip-bom/-/strip-bom-3.0.0.tgz#14a8ec3956c2e81edb7520790aecf21c290aebd2"
  
  "@types/strip-json-comments@0.0.30":
    version "0.0.30"
    resolved "https://registry.yarnpkg.com/@types/strip-json-comments/-/strip-json-comments-0.0.30.tgz#9aa30c04db212a9a0649d6ae6fd50accc40748a1"
  
  "@types/ws@^4.0.0":
    version "4.0.0"
    resolved "https://registry.yarnpkg.com/@types/ws/-/ws-4.0.0.tgz#4b1c170b00f7d880c8e3267ceaf147189234a9ed"
    dependencies:
      "@types/events" "*"
      "@types/node" "*"
  
  ansi-styles@^3.1.0:
    version "3.2.0"
    resolved "https://registry.yarnpkg.com/ansi-styles/-/ansi-styles-3.2.0.tgz#c159b8d5be0f9e5a6f346dab94f16ce022161b88"
    dependencies:
      color-convert "^1.9.0"
  
  arrify@^1.0.0:
    version "1.0.1"
    resolved "https://registry.yarnpkg.com/arrify/-/arrify-1.0.1.tgz#898508da2226f380df904728456849c1501a4b0d"
  
  async-limiter@~1.0.0:
    version "1.0.0"
    resolved "https://registry.yarnpkg.com/async-limiter/-/async-limiter-1.0.0.tgz#78faed8c3d074ab81f22b4e985d79e8738f720f8"
  
  chalk@^2.3.0:
    version "2.3.0"
    resolved "https://registry.yarnpkg.com/chalk/-/chalk-2.3.0.tgz#b5ea48efc9c1793dccc9b4767c93914d3f2d52ba"
    dependencies:
      ansi-styles "^3.1.0"
      escape-string-regexp "^1.0.5"
      supports-color "^4.0.0"
  
  color-convert@^1.9.0:
    version "1.9.1"
    resolved "https://registry.yarnpkg.com/color-convert/-/color-convert-1.9.1.tgz#c1261107aeb2f294ebffec9ed9ecad529a6097ed"
    dependencies:
      color-name "^1.1.1"
  
  color-name@^1.1.1:
    version "1.1.3"
    resolved "https://registry.yarnpkg.com/color-name/-/color-name-1.1.3.tgz#a7d0558bd89c42f795dd42328f740831ca53bc25"
  
  diff@^3.1.0:
    version "3.4.0"
    resolved "https://registry.yarnpkg.com/diff/-/diff-3.4.0.tgz#b1d85507daf3964828de54b37d0d73ba67dda56c"
  
  escape-string-regexp@^1.0.5:
    version "1.0.5"
    resolved "https://registry.yarnpkg.com/escape-string-regexp/-/escape-string-regexp-1.0.5.tgz#1b61c0562190a8dff6ae3bb2cf0200ca130b86d4"
  
  eventsource@^1.0.5:
    version "1.0.5"
    resolved "https://registry.yarnpkg.com/eventsource/-/eventsource-1.0.5.tgz#1f012c9df0bd8832fd6b1744fea00ccdd479f046"
    dependencies:
      original "^1.0.0"
  
  has-flag@^2.0.0:
    version "2.0.0"
    resolved "https://registry.yarnpkg.com/has-flag/-/has-flag-2.0.0.tgz#e8207af1cc7b30d446cc70b734b5e8be18f88d51"
  
  home-assistant-js-websocket@^1.1.2:
    version "1.1.2"
    resolved "https://registry.yarnpkg.com/home-assistant-js-websocket/-/home-assistant-js-websocket-1.1.2.tgz#1da5cf935ffcbf59ff723627b2d7e867cf82e717"
  
  homedir-polyfill@^1.0.1:
    version "1.0.1"
    resolved "https://registry.yarnpkg.com/homedir-polyfill/-/homedir-polyfill-1.0.1.tgz#4c2bbc8a758998feebf5ed68580f76d46768b4bc"
    dependencies:
      parse-passwd "^1.0.0"
  
  make-error@^1.1.1:
    version "1.3.3"
    resolved "https://registry.yarnpkg.com/make-error/-/make-error-1.3.3.tgz#a97ae14ffd98b05f543e83ddc395e1b2b6e4cc6a"
  
  minimist@0.0.8:
    version "0.0.8"
    resolved "https://registry.yarnpkg.com/minimist/-/minimist-0.0.8.tgz#857fcabfc3397d2625b8228262e86aa7a011b05d"
  
  minimist@^1.2.0:
    version "1.2.0"
    resolved "https://registry.yarnpkg.com/minimist/-/minimist-1.2.0.tgz#a35008b20f41383eec1fb914f4cd5df79a264284"
  
  mkdirp@^0.5.1:
    version "0.5.1"
    resolved "https://registry.yarnpkg.com/mkdirp/-/mkdirp-0.5.1.tgz#30057438eac6cf7f8c4767f38648d6697d75c903"
    dependencies:
      minimist "0.0.8"
  
  node-homeassistant@^1.3.0:
    version "1.3.0"
    resolved "https://registry.yarnpkg.com/node-homeassistant/-/node-homeassistant-1.3.0.tgz#7b4e5c4f524df7b93c8a4d80a67b97144d4394ff"
    dependencies:
      ws "^3.0.0"
  
  original@^1.0.0:
    version "1.0.0"
    resolved "https://registry.yarnpkg.com/original/-/original-1.0.0.tgz#9147f93fa1696d04be61e01bd50baeaca656bd3b"
    dependencies:
      url-parse "1.0.x"
  
  parse-passwd@^1.0.0:
    version "1.0.0"
    resolved "https://registry.yarnpkg.com/parse-passwd/-/parse-passwd-1.0.0.tgz#6d5b934a456993b23d37f40a382d6f1666a8e5c6"
  
  querystringify@0.0.x:
    version "0.0.4"
    resolved "https://registry.yarnpkg.com/querystringify/-/querystringify-0.0.4.tgz#0cf7f84f9463ff0ae51c4c4b142d95be37724d9c"
  
  requires-port@1.0.x:
    version "1.0.0"
    resolved "https://registry.yarnpkg.com/requires-port/-/requires-port-1.0.0.tgz#925d2601d39ac485e091cf0da5c6e694dc3dcaff"
  
  safe-buffer@~5.1.0:
    version "5.1.1"
    resolved "https://registry.yarnpkg.com/safe-buffer/-/safe-buffer-5.1.1.tgz#893312af69b2123def71f57889001671eeb2c853"
  
  source-map-support@^0.5.0:
    version "0.5.3"
    resolved "https://registry.yarnpkg.com/source-map-support/-/source-map-support-0.5.3.tgz#2b3d5fff298cfa4d1afd7d4352d569e9a0158e76"
    dependencies:
      source-map "^0.6.0"
  
  source-map@^0.6.0:
    version "0.6.1"
    resolved "https://registry.yarnpkg.com/source-map/-/source-map-0.6.1.tgz#74722af32e9614e9c287a8d0bbde48b5e2f1a263"
  
  strip-bom@^3.0.0:
    version "3.0.0"
    resolved "https://registry.yarnpkg.com/strip-bom/-/strip-bom-3.0.0.tgz#2334c18e9c759f7bdd56fdef7e9ae3d588e68ed3"
  
  strip-json-comments@^2.0.0:
    version "2.0.1"
    resolved "https://registry.yarnpkg.com/strip-json-comments/-/strip-json-comments-2.0.1.tgz#3c531942e908c2697c0ec344858c286c7ca0a60a"
  
  supports-color@^4.0.0:
    version "4.5.0"
    resolved "https://registry.yarnpkg.com/supports-color/-/supports-color-4.5.0.tgz#be7a0de484dec5c5cddf8b3d59125044912f635b"
    dependencies:
      has-flag "^2.0.0"
  
  ts-node@^4.1.0:
    version "4.1.0"
    resolved "https://registry.yarnpkg.com/ts-node/-/ts-node-4.1.0.tgz#36d9529c7b90bb993306c408cd07f7743de20712"
    dependencies:
      arrify "^1.0.0"
      chalk "^2.3.0"
      diff "^3.1.0"
      make-error "^1.1.1"
      minimist "^1.2.0"
      mkdirp "^0.5.1"
      source-map-support "^0.5.0"
      tsconfig "^7.0.0"
      v8flags "^3.0.0"
      yn "^2.0.0"
  
  tsconfig@^7.0.0:
    version "7.0.0"
    resolved "https://registry.yarnpkg.com/tsconfig/-/tsconfig-7.0.0.tgz#84538875a4dc216e5c4a5432b3a4dec3d54e91b7"
    dependencies:
      "@types/strip-bom" "^3.0.0"
      "@types/strip-json-comments" "0.0.30"
      strip-bom "^3.0.0"
      strip-json-comments "^2.0.0"
  
  typescript@^2.7.1:
    version "2.7.1"
    resolved "https://registry.yarnpkg.com/typescript/-/typescript-2.7.1.tgz#bb3682c2c791ac90e7c6210b26478a8da085c359"
  
  ultron@~1.1.0:
    version "1.1.1"
    resolved "https://registry.yarnpkg.com/ultron/-/ultron-1.1.1.tgz#9fe1536a10a664a65266a1e3ccf85fd36302bc9c"
  
  url-parse@1.0.x:
    version "1.0.5"
    resolved "https://registry.yarnpkg.com/url-parse/-/url-parse-1.0.5.tgz#0854860422afdcfefeb6c965c662d4800169927b"
    dependencies:
      querystringify "0.0.x"
      requires-port "1.0.x"
  
  v8flags@^3.0.0:
    version "3.0.1"
    resolved "https://registry.yarnpkg.com/v8flags/-/v8flags-3.0.1.tgz#dce8fc379c17d9f2c9e9ed78d89ce00052b1b76b"
    dependencies:
      homedir-polyfill "^1.0.1"
  
  ws@^3.0.0:
    version "3.3.3"
    resolved "https://registry.yarnpkg.com/ws/-/ws-3.3.3.tgz#f1cf84fe2d5e901ebce94efaece785f187a228f2"
    dependencies:
      async-limiter "~1.0.0"
      safe-buffer "~5.1.0"
      ultron "~1.1.0"
  
  ws@^4.0.0:
    version "4.0.0"
    resolved "https://registry.yarnpkg.com/ws/-/ws-4.0.0.tgz#bfe1da4c08eeb9780b986e0e4d10eccd7345999f"
    dependencies:
      async-limiter "~1.0.0"
      safe-buffer "~5.1.0"
      ultron "~1.1.0"
  
  yn@^2.0.0:
    version "2.0.0"
    resolved "https://registry.yarnpkg.com/yn/-/yn-2.0.0.tgz#e5adabc8acf408f6385fc76495684c88e6af689a"

Trace: 
  Error: https://registry.yarnpkg.com/@type%2fhome-assistant-js-websocket: Not found
      at Request.params.callback [as _callback] (/home/anomen/.nvm/versions/node/v9.2.0/lib/node_modules/yarn/lib/cli.js:62098:18)
      at Request.self.callback (/home/anomen/.nvm/versions/node/v9.2.0/lib/node_modules/yarn/lib/cli.js:123085:22)
      at Request.emit (events.js:159:13)
      at Request.<anonymous> (/home/anomen/.nvm/versions/node/v9.2.0/lib/node_modules/yarn/lib/cli.js:124068:10)
      at Request.emit (events.js:159:13)
      at IncomingMessage.<anonymous> (/home/anomen/.nvm/versions/node/v9.2.0/lib/node_modules/yarn/lib/cli.js:123988:12)
      at Object.onceWrapper (events.js:254:19)
      at IncomingMessage.emit (events.js:164:20)
      at endReadableNT (_stream_readable.js:1054:12)
      at _combinedTickCallback (internal/process/next_tick.js:138:11)
